Determining if the pthread_create exist failed with the following output:
Change Dir: /home/siddharth/hybrid_control/build/CMakeFiles/CMakeTmp

Run Build Command:"/usr/bin/make" "cmTC_731af/fast"
/usr/bin/make -f CMakeFiles/cmTC_731af.dir/build.make CMakeFiles/cmTC_731af.dir/build
make[1]: Entering directory '/home/siddharth/hybrid_control/build/CMakeFiles/CMakeTmp'
Building C object CMakeFiles/cmTC_731af.dir/CheckSymbolExists.c.o
/usr/bin/cc     -o CMakeFiles/cmTC_731af.dir/CheckSymbolExists.c.o   -c /home/siddharth/hybrid_control/build/CMakeFiles/CMakeTmp/CheckSymbolExists.c
Linking C executable cmTC_731af
/usr/bin/cmake -E cmake_link_script CMakeFiles/cmTC_731af.dir/link.txt --verbose=1
/usr/bin/cc       CMakeFiles/cmTC_731af.dir/CheckSymbolExists.c.o  -o cmTC_731af -rdynamic 
CMakeFiles/cmTC_731af.dir/CheckSymbolExists.c.o: In function `main':
CheckSymbolExists.c:(.text+0x16): undefined reference to `pthread_create'
collect2: error: ld returned 1 exit status
CMakeFiles/cmTC_731af.dir/build.make:97: recipe for target 'cmTC_731af' failed
make[1]: *** [cmTC_731af] Error 1
make[1]: Leaving directory '/home/siddharth/hybrid_control/build/CMakeFiles/CMakeTmp'
Makefile:126: recipe for target 'cmTC_731af/fast' failed
make: *** [cmTC_731af/fast] Error 2

File /home/siddharth/hybrid_control/build/CMakeFiles/CMakeTmp/CheckSymbolExists.c:
/* */
#include <pthread.h>

int main(int argc, char** argv)
{
  (void)argv;
#ifndef pthread_create
  return ((int*)(&pthread_create))[argc];
#else
  (void)argc;
  return 0;
#endif
}

Determining if the function pthread_create exists in the pthreads failed with the following output:
Change Dir: /home/siddharth/hybrid_control/build/CMakeFiles/CMakeTmp

Run Build Command:"/usr/bin/make" "cmTC_70231/fast"
/usr/bin/make -f CMakeFiles/cmTC_70231.dir/build.make CMakeFiles/cmTC_70231.dir/build
make[1]: Entering directory '/home/siddharth/hybrid_control/build/CMakeFiles/CMakeTmp'
Building C object CMakeFiles/cmTC_70231.dir/CheckFunctionExists.c.o
/usr/bin/cc    -DCHECK_FUNCTION_EXISTS=pthread_create   -o CMakeFiles/cmTC_70231.dir/CheckFunctionExists.c.o   -c /usr/share/cmake-3.5/Modules/CheckFunctionExists.c
Linking C executable cmTC_70231
/usr/bin/cmake -E cmake_link_script CMakeFiles/cmTC_70231.dir/link.txt --verbose=1
/usr/bin/cc   -DCHECK_FUNCTION_EXISTS=pthread_create    CMakeFiles/cmTC_70231.dir/CheckFunctionExists.c.o  -o cmTC_70231 -rdynamic -lpthreads 
/usr/bin/ld: cannot find -lpthreads
collect2: error: ld returned 1 exit status
CMakeFiles/cmTC_70231.dir/build.make:97: recipe for target 'cmTC_70231' failed
make[1]: *** [cmTC_70231] Error 1
make[1]: Leaving directory '/home/siddharth/hybrid_control/build/CMakeFiles/CMakeTmp'
Makefile:126: recipe for target 'cmTC_70231/fast' failed
make: *** [cmTC_70231/fast] Error 2


